<?xml version="1.0" encoding="UTF-8"?>
<testng-results ignored="0" total="1" passed="1" failed="0" skipped="0">
  <reporter-output>
  </reporter-output>
  <suite started-at="2023-07-22T20:14:29 IST" name="Default suite" finished-at="2023-07-22T20:15:03 IST" duration-ms="34108">
    <groups>
    </groups>
    <test started-at="2023-07-22T20:14:29 IST" name="Default test" finished-at="2023-07-22T20:15:03 IST" duration-ms="34108">
      <class name="amazonProject.Retry">
        <test-method signature="amazonCartTest()[pri:0, instance:amazonProject.Retry@3a44431a]" started-at="2023-07-22T20:14:29 IST" name="amazonCartTest" finished-at="2023-07-22T20:15:03 IST" duration-ms="34049" status="PASS">
          <reporter-output>
          </reporter-output>
        </test-method> <!-- amazonCartTest -->
      </class> <!-- amazonProject.Retry -->
    </test> <!-- Default test -->
  </suite> <!-- Default suite -->
</testng-results>
